<?xml version="1.0" encoding="UTF-8"?>
<!-- Generated by org.testng.reporters.JUnitReportReporter -->
<testsuite hostname="Anandhadeepan" failures="0" tests="2" name="workout.TestNGannatations" time="0.016" errors="0" timestamp="22 Feb 2023 11:15:21 GMT" skipped="0">
  <testcase classname="workout.TestNGannatations" name="test" time="0.011"/>
  <testcase classname="workout.TestNGannatations" name="test1" time="0.005"/>
</testsuite> <!-- workout.TestNGannatations -->
