<?xml version="1.0" encoding="UTF-8"?>
<!-- Generated by org.testng.reporters.JUnitReportReporter -->
<testsuite hostname="Anandhadeepan" failures="0" tests="1" name="learntestng.Leaenparameters" time="41.317" errors="0" timestamp="23 Jan 2023 06:02:57 GMT" skipped="0">
  <testcase classname="learntestng.Leaenparameters" name="loginHRM" time="41.317"/>
</testsuite> <!-- learntestng.Leaenparameters -->
