<?xml version="1.0" encoding="UTF-8"?>
<!-- Generated by org.testng.reporters.JUnitReportReporter -->
<testsuite hostname="Anandhadeepan" failures="0" tests="1" name="learntestng.Learncssselector" time="46.341" errors="0" timestamp="26 Jan 2023 15:52:10 GMT" skipped="0">
  <testcase classname="learntestng.Learncssselector" name="applaunch" time="46.341"/>
</testsuite> <!-- learntestng.Learncssselector -->
