<?xml version="1.0" encoding="UTF-8"?>
<!-- Generated by org.testng.reporters.JUnitReportReporter -->
<testsuite hostname="Anandhadeepan" failures="0" tests="9" name="learntestng.Learngroups" time="0.073" errors="0" timestamp="23 Jan 2023 05:28:51 GMT" skipped="0">
  <testcase classname="learntestng.Learngroups" name="method1" time="0.025"/>
  <testcase classname="learntestng.Learngroups" name="method5" time="0.005"/>
  <testcase classname="learntestng.Learngroups" name="method3" time="0.005"/>
  <testcase classname="learntestng.Learngroups" name="method8" time="0.006"/>
  <testcase classname="learntestng.Learngroups" name="method9" time="0.003"/>
  <testcase classname="learntestng.Learngroups" name="method7" time="0.005"/>
  <testcase classname="learntestng.Learngroups" name="method4" time="0.013"/>
  <testcase classname="learntestng.Learngroups" name="method2" time="0.005"/>
  <testcase classname="learntestng.Learngroups" name="method6" time="0.006"/>
</testsuite> <!-- learntestng.Learngroups -->
