<?xml version="1.0" encoding="UTF-8"?>
<!-- Generated by org.testng.reporters.JUnitReportReporter -->
<testsuite hostname="Anandhadeepan" failures="0" tests="1" name="workout.TestNGdatadriven" time="1.092" errors="0" timestamp="23 Feb 2023 08:09:51 GMT" skipped="0">
  <testcase classname="workout.TestNGdatadriven" name="data" time="1.092"/>
</testsuite> <!-- workout.TestNGdatadriven -->
