<?xml version="1.0" encoding="UTF-8"?>
<!-- Generated by org.testng.reporters.JUnitReportReporter -->
<testsuite hostname="Anandhadeepan" failures="0" tests="2" name="learntestng.Learnannatation" time="0.020" errors="0" timestamp="22 Feb 2023 11:12:55 GMT" skipped="0">
  <testcase classname="learntestng.Learnannatation" name="testmethod02" time="0.005"/>
  <testcase classname="learntestng.Learnannatation" name="testmethod01" time="0.015"/>
</testsuite> <!-- learntestng.Learnannatation -->
