<?xml version="1.0" encoding="UTF-8"?>
<!-- Generated by org.testng.reporters.JUnitReportReporter -->
<testsuite hostname="Anandhadeepan" failures="0" tests="1" name="workout.Testngparametera" time="19.594" errors="0" timestamp="22 Feb 2023 09:46:18 GMT" skipped="0">
  <testcase classname="workout.Testngparametera" name="program" time="19.594"/>
</testsuite> <!-- workout.Testngparametera -->
