<?xml version="1.0" encoding="UTF-8"?>
<!-- Generated by org.testng.reporters.JUnitReportReporter -->
<testsuite hostname="Anandhadeepan" failures="0" tests="11" name="learntestng.Learnpriority" time="0.075" errors="0" timestamp="22 Feb 2023 11:22:33 GMT" skipped="0">
  <testcase classname="learntestng.Learnpriority" name="method6" time="0.004"/>
  <testcase classname="learntestng.Learnpriority" name="method0" time="0.005"/>
  <testcase classname="learntestng.Learnpriority" name="method0" time="0.004"/>
  <testcase classname="learntestng.Learnpriority" name="method8" time="0.005"/>
  <testcase classname="learntestng.Learnpriority" name="amethod1" time="0.024"/>
  <testcase classname="learntestng.Learnpriority" name="method0" time="0.006"/>
  <testcase classname="learntestng.Learnpriority" name="method0" time="0.012"/>
  <testcase classname="learntestng.Learnpriority" name="method7" time="0.005"/>
  <testcase classname="learntestng.Learnpriority" name="method9" time="0.006"/>
  <testcase classname="learntestng.Learnpriority" name="method3" time="0.002"/>
  <testcase classname="learntestng.Learnpriority" name="Amethod2" time="0.002"/>
</testsuite> <!-- learntestng.Learnpriority -->
