<?xml version="1.0" encoding="UTF-8"?>
<!-- Generated by org.testng.reporters.JUnitReportReporter -->
<testsuite hostname="Anandhadeepan" failures="0" tests="1" name="learntestng.Learndatadrivenframework" time="3.700" errors="0" timestamp="22 Feb 2023 09:49:40 GMT" skipped="0">
  <testcase classname="learntestng.Learndatadrivenframework" name="datadriven" time="3.700"/>
</testsuite> <!-- learntestng.Learndatadrivenframework -->
