<?xml version="1.0" encoding="UTF-8"?>
<!-- Generated by org.testng.reporters.JUnitReportReporter -->
<testsuite hostname="Anandhadeepan" failures="0" tests="1" name="learntestng.LearnTestng" time="42.474" errors="0" timestamp="23 Jan 2023 04:44:26 GMT" skipped="0">
  <testcase classname="learntestng.LearnTestng" name="applaunch" time="42.474"/>
</testsuite> <!-- learntestng.LearnTestng -->
